0 verbose cli /usr/local/bin/node /usr/local/bin/npm
1 info using npm@8.19.4
2 info using node@v16.20.2
3 timing npm:load:whichnode Completed in 0ms
4 timing config:load:defaults Completed in 2ms
5 timing config:load:file:/usr/local/lib/node_modules/npm/npmrc Completed in 1ms
6 timing config:load:builtin Completed in 3ms
7 warn config production Use `--omit=dev` instead.
8 timing config:load:cli Completed in 4ms
9 timing config:load:env Completed in 1ms
10 timing config:load:file:/data/.npmrc Completed in 1ms
11 timing config:load:project Completed in 6ms
12 timing config:load:file:/usr/src/node-red/.npmrc Completed in 1ms
13 timing config:load:user Completed in 1ms
14 timing config:load:file:/usr/local/etc/npmrc Completed in 2ms
15 timing config:load:global Completed in 2ms
16 timing config:load:validate Completed in 0ms
17 timing config:load:credentials Completed in 1ms
18 timing config:load:setEnvs Completed in 1ms
19 timing config:load Completed in 21ms
20 timing npm:load:configload Completed in 21ms
21 timing npm:load:mkdirpcache Completed in 6ms
22 timing npm:load:mkdirplogs Completed in 10ms
23 verbose title npm install node-red-node-openweathermap@0.5.1
24 verbose argv "install" "--no-audit" "--no-update-notifier" "--no-fund" "--save" "--save-prefix" "~" "--production" "--engine-strict" "node-red-node-openweathermap@0.5.1"
25 timing npm:load:setTitle Completed in 1ms
26 timing config:load:flatten Completed in 2ms
27 timing npm:load:display Completed in 5ms
28 verbose logfile logs-max:10 dir:/data/.npm/_logs
29 verbose logfile /data/.npm/_logs/2024-03-15T09_15_18_728Z-debug-0.log
30 timing npm:load:logFile Completed in 30ms
31 timing npm:load:timers Completed in 0ms
32 timing npm:load:configScope Completed in 0ms
33 timing npm:load Completed in 74ms
34 timing arborist:ctor Completed in 1ms
35 silly logfile start cleaning logs, removing 29 files
36 timing idealTree:init Completed in 24ms
37 timing idealTree:userRequests Completed in 2ms
38 silly idealTree buildDeps
39 silly fetch manifest node-red-node-openweathermap@0.5.1
40 verbose shrinkwrap failed to load node_modules/.package-lock.json missing from lockfile: node_modules/ajv
41 silly logfile done cleaning log files
42 http fetch GET 200 https://registry.npmjs.org/node-red-node-openweathermap 16222ms attempt #2 (cache miss)
43 silly placeDep ROOT node-red-node-openweathermap@0.5.1 OK for: node-red-project@0.0.1 want: 0.5.1
44 silly fetch manifest request@~2.88.2
45 http fetch GET 200 https://registry.npmjs.org/request 141ms (cache miss)
46 timing idealTree:#root Completed in 16378ms
47 silly placeDep ROOT request@2.88.2 OK for: node-red-node-openweathermap@0.5.1 want: ~2.88.2
48 silly fetch manifest aws-sign2@~0.7.0
49 silly fetch manifest aws4@^1.8.0
50 silly fetch manifest caseless@~0.12.0
51 silly fetch manifest combined-stream@~1.0.6
52 silly fetch manifest extend@~3.0.2
53 silly fetch manifest forever-agent@~0.6.1
54 silly fetch manifest form-data@~2.3.2
55 silly fetch manifest har-validator@~5.1.3
56 silly fetch manifest http-signature@~1.2.0
57 silly fetch manifest is-typedarray@~1.0.0
58 silly fetch manifest isstream@~0.1.2
59 silly fetch manifest json-stringify-safe@~5.0.1
60 silly fetch manifest mime-types@~2.1.19
61 silly fetch manifest oauth-sign@~0.9.0
62 silly fetch manifest performance-now@^2.1.0
63 silly fetch manifest qs@~6.5.2
64 silly fetch manifest safe-buffer@^5.1.2
65 silly fetch manifest tough-cookie@~2.5.0
66 silly fetch manifest tunnel-agent@^0.6.0
67 silly fetch manifest uuid@^3.3.2
68 http fetch GET 200 https://registry.npmjs.org/aws-sign2 149ms (cache miss)
69 http fetch GET 200 https://registry.npmjs.org/tough-cookie 247ms (cache miss)
70 http fetch GET 200 https://registry.npmjs.org/tunnel-agent 416ms (cache miss)
71 http fetch GET 200 https://registry.npmjs.org/safe-buffer 428ms (cache revalidated)
72 http fetch GET 200 https://registry.npmjs.org/json-stringify-safe 441ms (cache miss)
73 http fetch GET 200 https://registry.npmjs.org/performance-now 440ms (cache miss)
74 http fetch GET 200 https://registry.npmjs.org/forever-agent 452ms (cache miss)
75 http fetch GET 200 https://registry.npmjs.org/caseless 459ms (cache miss)
76 http fetch GET 200 https://registry.npmjs.org/oauth-sign 449ms (cache miss)
77 http fetch GET 200 https://registry.npmjs.org/isstream 456ms (cache miss)
78 http fetch GET 200 https://registry.npmjs.org/is-typedarray 460ms (cache miss)
79 http fetch GET 200 https://registry.npmjs.org/aws4 475ms (cache miss)
80 http fetch GET 200 https://registry.npmjs.org/extend 475ms (cache miss)
81 http fetch GET 200 https://registry.npmjs.org/combined-stream 482ms (cache miss)
82 http fetch GET 200 https://registry.npmjs.org/http-signature 488ms (cache miss)
83 http fetch GET 200 https://registry.npmjs.org/form-data 497ms (cache miss)
84 http fetch GET 200 https://registry.npmjs.org/har-validator 505ms (cache miss)
85 http fetch GET 200 https://registry.npmjs.org/mime-types 523ms (cache miss)
86 http fetch GET 200 https://registry.npmjs.org/uuid 523ms (cache miss)
87 http fetch GET 200 https://registry.npmjs.org/qs 541ms (cache updated)
88 timing idealTree:node_modules/node-red-node-openweathermap Completed in 567ms
89 silly placeDep ROOT aws-sign2@0.7.0 OK for: request@2.88.2 want: ~0.7.0
90 silly placeDep ROOT aws4@1.12.0 OK for: request@2.88.2 want: ^1.8.0
91 silly placeDep ROOT caseless@0.12.0 OK for: request@2.88.2 want: ~0.12.0
92 silly placeDep ROOT combined-stream@1.0.8 OK for: request@2.88.2 want: ~1.0.6
93 silly placeDep ROOT extend@3.0.2 OK for: request@2.88.2 want: ~3.0.2
94 silly placeDep ROOT forever-agent@0.6.1 OK for: request@2.88.2 want: ~0.6.1
95 silly placeDep ROOT form-data@2.3.3 OK for: request@2.88.2 want: ~2.3.2
96 silly placeDep ROOT har-validator@5.1.5 OK for: request@2.88.2 want: ~5.1.3
97 silly placeDep ROOT http-signature@1.2.0 OK for: request@2.88.2 want: ~1.2.0
98 silly placeDep ROOT is-typedarray@1.0.0 OK for: request@2.88.2 want: ~1.0.0
99 silly placeDep ROOT isstream@0.1.2 OK for: request@2.88.2 want: ~0.1.2
100 silly placeDep ROOT json-stringify-safe@5.0.1 OK for: request@2.88.2 want: ~5.0.1
101 silly placeDep ROOT mime-types@2.1.35 OK for: request@2.88.2 want: ~2.1.19
102 silly placeDep ROOT oauth-sign@0.9.0 OK for: request@2.88.2 want: ~0.9.0
103 silly placeDep ROOT performance-now@2.1.0 OK for: request@2.88.2 want: ^2.1.0
104 silly placeDep ROOT qs@6.5.3 OK for: request@2.88.2 want: ~6.5.2
105 silly placeDep ROOT safe-buffer@5.2.1 OK for: request@2.88.2 want: ^5.1.2
106 silly placeDep ROOT tough-cookie@2.5.0 OK for: request@2.88.2 want: ~2.5.0
107 silly placeDep ROOT tunnel-agent@0.6.0 OK for: request@2.88.2 want: ^0.6.0
108 silly placeDep ROOT uuid@3.4.0 OK for: request@2.88.2 want: ^3.3.2
109 silly fetch manifest delayed-stream@~1.0.0
110 silly fetch manifest asynckit@^0.4.0
111 silly fetch manifest ajv@^6.12.3
112 silly fetch manifest har-schema@^2.0.0
113 silly fetch manifest assert-plus@^1.0.0
114 silly fetch manifest jsprim@^1.2.2
115 silly fetch manifest sshpk@^1.7.0
116 silly fetch manifest mime-db@1.52.0
117 silly fetch manifest psl@^1.1.28
118 silly fetch manifest punycode@^2.1.1
119 http fetch GET 200 https://registry.npmjs.org/delayed-stream 237ms (cache miss)
120 http fetch GET 200 https://registry.npmjs.org/asynckit 240ms (cache miss)
121 http fetch GET 200 https://registry.npmjs.org/har-schema 245ms (cache miss)
122 http fetch GET 200 https://registry.npmjs.org/assert-plus 248ms (cache miss)
123 http fetch GET 200 https://registry.npmjs.org/punycode 248ms (cache miss)
124 http fetch GET 200 https://registry.npmjs.org/jsprim 261ms (cache miss)
125 http fetch GET 200 https://registry.npmjs.org/sshpk 266ms (cache miss)
126 http fetch GET 200 https://registry.npmjs.org/mime-db 279ms (cache miss)
127 http fetch GET 200 https://registry.npmjs.org/psl 278ms (cache miss)
128 http fetch GET 200 https://registry.npmjs.org/ajv 320ms (cache miss)
129 timing idealTree:node_modules/request Completed in 381ms
130 timing idealTree:node_modules/aws-sign2 Completed in 0ms
131 timing idealTree:node_modules/aws4 Completed in 0ms
132 timing idealTree:node_modules/caseless Completed in 0ms
133 silly placeDep ROOT delayed-stream@1.0.0 OK for: combined-stream@1.0.8 want: ~1.0.0
134 timing idealTree:node_modules/combined-stream Completed in 2ms
135 timing idealTree:node_modules/delayed-stream Completed in 0ms
136 timing idealTree:node_modules/extend Completed in 0ms
137 timing idealTree:node_modules/forever-agent Completed in 0ms
138 silly placeDep ROOT asynckit@0.4.0 OK for: form-data@2.3.3 want: ^0.4.0
139 timing idealTree:node_modules/form-data Completed in 2ms
140 timing idealTree:node_modules/asynckit Completed in 0ms
141 silly placeDep ROOT ajv@6.12.6 OK for: har-validator@5.1.5 want: ^6.12.3
142 silly placeDep ROOT har-schema@2.0.0 OK for: har-validator@5.1.5 want: ^2.0.0
143 silly fetch manifest fast-deep-equal@^3.1.1
144 silly fetch manifest fast-json-stable-stringify@^2.0.0
145 silly fetch manifest json-schema-traverse@^0.4.1
146 silly fetch manifest uri-js@^4.2.2
147 http fetch GET 200 https://registry.npmjs.org/uri-js 131ms (cache miss)
148 http fetch GET 200 https://registry.npmjs.org/fast-json-stable-stringify 136ms (cache miss)
149 http fetch GET 200 https://registry.npmjs.org/fast-deep-equal 145ms (cache miss)
150 http fetch GET 200 https://registry.npmjs.org/json-schema-traverse 169ms (cache miss)
151 timing idealTree:node_modules/har-validator Completed in 178ms
152 silly placeDep ROOT fast-deep-equal@3.1.3 OK for: ajv@6.12.6 want: ^3.1.1
153 silly placeDep ROOT fast-json-stable-stringify@2.1.0 OK for: ajv@6.12.6 want: ^2.0.0
154 silly placeDep ROOT json-schema-traverse@0.4.1 OK for: ajv@6.12.6 want: ^0.4.1
155 silly placeDep ROOT uri-js@4.4.1 OK for: ajv@6.12.6 want: ^4.2.2
156 silly fetch manifest punycode@^2.1.0
157 timing idealTree:node_modules/ajv Completed in 8ms
158 timing idealTree:node_modules/fast-deep-equal Completed in 0ms
159 timing idealTree:node_modules/fast-json-stable-stringify Completed in 0ms
160 timing idealTree:node_modules/har-schema Completed in 0ms
161 silly placeDep ROOT assert-plus@1.0.0 OK for: http-signature@1.2.0 want: ^1.0.0
162 silly placeDep ROOT jsprim@1.4.2 OK for: http-signature@1.2.0 want: ^1.2.2
163 silly placeDep ROOT sshpk@1.18.0 OK for: http-signature@1.2.0 want: ^1.7.0
164 silly fetch manifest extsprintf@1.3.0
165 silly fetch manifest json-schema@0.4.0
166 silly fetch manifest verror@1.10.0
167 silly fetch manifest asn1@~0.2.3
168 silly fetch manifest dashdash@^1.12.0
169 silly fetch manifest getpass@^0.1.1
170 silly fetch manifest safer-buffer@^2.0.2
171 silly fetch manifest jsbn@~0.1.0
172 silly fetch manifest tweetnacl@~0.14.0
173 silly fetch manifest ecc-jsbn@~0.1.1
174 silly fetch manifest bcrypt-pbkdf@^1.0.0
175 http fetch GET 200 https://registry.npmjs.org/asn1 202ms (cache miss)
176 http fetch GET 200 https://registry.npmjs.org/getpass 202ms (cache miss)
177 http fetch GET 200 https://registry.npmjs.org/json-schema 210ms (cache miss)
178 http fetch GET 200 https://registry.npmjs.org/ecc-jsbn 202ms (cache miss)
179 http fetch GET 200 https://registry.npmjs.org/jsbn 206ms (cache miss)
180 http fetch GET 200 https://registry.npmjs.org/safer-buffer 209ms (cache miss)
181 http fetch GET 200 https://registry.npmjs.org/bcrypt-pbkdf 206ms (cache miss)
182 http fetch GET 200 https://registry.npmjs.org/extsprintf 223ms (cache miss)
183 http fetch GET 200 https://registry.npmjs.org/tweetnacl 212ms (cache miss)
184 http fetch GET 200 https://registry.npmjs.org/verror 224ms (cache miss)
185 http fetch GET 200 https://registry.npmjs.org/dashdash 243ms (cache miss)
186 timing idealTree:node_modules/http-signature Completed in 261ms
187 timing idealTree:node_modules/assert-plus Completed in 0ms
188 timing idealTree:node_modules/is-typedarray Completed in 0ms
189 timing idealTree:node_modules/isstream Completed in 0ms
190 timing idealTree:node_modules/json-schema-traverse Completed in 0ms
191 timing idealTree:node_modules/json-stringify-safe Completed in 0ms
192 silly placeDep ROOT extsprintf@1.3.0 OK for: jsprim@1.4.2 want: 1.3.0
193 silly placeDep ROOT json-schema@0.4.0 OK for: jsprim@1.4.2 want: 0.4.0
194 silly placeDep ROOT verror@1.10.0 OK for: jsprim@1.4.2 want: 1.10.0
195 silly fetch manifest core-util-is@1.0.2
196 http fetch GET 200 https://registry.npmjs.org/core-util-is 131ms (cache miss)
197 timing idealTree:node_modules/jsprim Completed in 137ms
198 timing idealTree:node_modules/extsprintf Completed in 0ms
199 timing idealTree:node_modules/json-schema Completed in 0ms
200 silly placeDep ROOT mime-db@1.52.0 OK for: mime-types@2.1.35 want: 1.52.0
201 timing idealTree:node_modules/mime-types Completed in 2ms
202 timing idealTree:node_modules/mime-db Completed in 0ms
203 timing idealTree:node_modules/oauth-sign Completed in 0ms
204 timing idealTree:node_modules/performance-now Completed in 0ms
205 timing idealTree:node_modules/qs Completed in 0ms
206 timing idealTree:node_modules/safe-buffer Completed in 0ms
207 silly placeDep ROOT asn1@0.2.6 OK for: sshpk@1.18.0 want: ~0.2.3
208 silly placeDep ROOT bcrypt-pbkdf@1.0.2 OK for: sshpk@1.18.0 want: ^1.0.0
209 silly placeDep ROOT dashdash@1.14.1 OK for: sshpk@1.18.0 want: ^1.12.0
210 silly placeDep ROOT ecc-jsbn@0.1.2 OK for: sshpk@1.18.0 want: ~0.1.1
211 silly placeDep ROOT getpass@0.1.7 OK for: sshpk@1.18.0 want: ^0.1.1
212 silly placeDep ROOT jsbn@0.1.1 OK for: sshpk@1.18.0 want: ~0.1.0
213 silly placeDep ROOT safer-buffer@2.1.2 OK for: sshpk@1.18.0 want: ^2.0.2
214 silly placeDep ROOT tweetnacl@0.14.5 OK for: sshpk@1.18.0 want: ~0.14.0
215 timing idealTree:node_modules/sshpk Completed in 14ms
216 timing idealTree:node_modules/asn1 Completed in 0ms
217 timing idealTree:node_modules/bcrypt-pbkdf Completed in 0ms
218 timing idealTree:node_modules/dashdash Completed in 0ms
219 timing idealTree:node_modules/ecc-jsbn Completed in 0ms
220 timing idealTree:node_modules/getpass Completed in 0ms
221 timing idealTree:node_modules/jsbn Completed in 0ms
222 timing idealTree:node_modules/safer-buffer Completed in 0ms
223 silly placeDep ROOT psl@1.9.0 OK for: tough-cookie@2.5.0 want: ^1.1.28
224 silly placeDep ROOT punycode@2.3.1 OK for: tough-cookie@2.5.0 want: ^2.1.1
225 timing idealTree:node_modules/tough-cookie Completed in 2ms
226 timing idealTree:node_modules/psl Completed in 0ms
227 timing idealTree:node_modules/punycode Completed in 0ms
228 timing idealTree:node_modules/tunnel-agent Completed in 0ms
229 timing idealTree:node_modules/tweetnacl Completed in 0ms
230 timing idealTree:node_modules/uri-js Completed in 0ms
231 timing idealTree:node_modules/uuid Completed in 0ms
232 silly placeDep ROOT core-util-is@1.0.2 OK for: verror@1.10.0 want: 1.0.2
233 timing idealTree:node_modules/verror Completed in 1ms
234 timing idealTree:node_modules/core-util-is Completed in 0ms
235 timing idealTree:buildDeps Completed in 17957ms
236 timing idealTree:fixDepFlags Completed in 2ms
237 timing idealTree Completed in 17988ms
238 timing reify:loadTrees Completed in 17989ms
239 timing reify:diffTrees Completed in 2ms
240 silly reify mark retired [ '/data/node_modules/ajv' ]
241 silly reify mark retired [ '/data/node_modules/asn1' ]
242 silly reify mark retired [ '/data/node_modules/assert-plus' ]
243 silly reify mark retired [ '/data/node_modules/asynckit' ]
244 silly reify mark retired [ '/data/node_modules/aws-sign2' ]
245 silly reify mark retired [ '/data/node_modules/bcrypt-pbkdf' ]
246 silly reify mark retired [ '/data/node_modules/aws4' ]
247 silly reify mark retired [ '/data/node_modules/caseless' ]
248 silly reify mark retired [ '/data/node_modules/core-util-is' ]
249 silly reify mark retired [ '/data/node_modules/combined-stream' ]
250 silly reify mark retired [ '/data/node_modules/dashdash' ]
251 silly reify mark retired [ '/data/node_modules/delayed-stream' ]
252 silly reify mark retired [ '/data/node_modules/extend' ]
253 silly reify mark retired [ '/data/node_modules/ecc-jsbn' ]
254 silly reify mark retired [ '/data/node_modules/extsprintf' ]
255 silly reify mark retired [ '/data/node_modules/fast-deep-equal' ]
256 silly reify mark retired [ '/data/node_modules/fast-json-stable-stringify' ]
257 silly reify mark retired [ '/data/node_modules/form-data' ]
258 silly reify mark retired [ '/data/node_modules/forever-agent' ]
259 silly reify mark retired [ '/data/node_modules/getpass' ]
260 silly reify mark retired [ '/data/node_modules/har-validator' ]
261 silly reify mark retired [ '/data/node_modules/http-signature' ]
262 silly reify mark retired [ '/data/node_modules/har-schema' ]
263 silly reify mark retired [ '/data/node_modules/is-typedarray' ]
264 silly reify mark retired [ '/data/node_modules/isstream' ]
265 silly reify mark retired [ '/data/node_modules/jsbn' ]
266 silly reify mark retired [ '/data/node_modules/json-schema' ]
267 silly reify mark retired [ '/data/node_modules/json-schema-traverse' ]
268 silly reify mark retired [ '/data/node_modules/json-stringify-safe' ]
269 silly reify mark retired [ '/data/node_modules/jsprim' ]
270 silly reify mark retired [ '/data/node_modules/mime-db' ]
271 silly reify mark retired [ '/data/node_modules/mime-types' ]
272 silly reify mark retired [ '/data/node_modules/node-red-node-openweathermap' ]
273 silly reify mark retired [ '/data/node_modules/oauth-sign' ]
274 silly reify mark retired [ '/data/node_modules/performance-now' ]
275 silly reify mark retired [ '/data/node_modules/psl' ]
276 silly reify mark retired [ '/data/node_modules/punycode' ]
277 silly reify mark retired [ '/data/node_modules/qs' ]
278 silly reify mark retired [ '/data/node_modules/request' ]
279 silly reify mark retired [ '/data/node_modules/safe-buffer' ]
280 silly reify mark retired [ '/data/node_modules/safer-buffer' ]
281 silly reify mark retired [ '/data/node_modules/sshpk' ]
282 silly reify mark retired [ '/data/node_modules/tough-cookie' ]
283 silly reify mark retired [ '/data/node_modules/tweetnacl' ]
284 silly reify mark retired [ '/data/node_modules/uri-js' ]
285 silly reify mark retired [ '/data/node_modules/uuid' ]
286 silly reify mark retired [ '/data/node_modules/verror' ]
287 silly reify mark retired [ '/data/node_modules/tunnel-agent' ]
288 silly reify moves {
288 silly reify   '/data/node_modules/ajv': '/data/node_modules/.ajv-jzyQZzDM',
288 silly reify   '/data/node_modules/asn1': '/data/node_modules/.asn1-e0bUEltG',
288 silly reify   '/data/node_modules/assert-plus': '/data/node_modules/.assert-plus-YZQnnLf9',
288 silly reify   '/data/node_modules/asynckit': '/data/node_modules/.asynckit-fWfEfcP5',
288 silly reify   '/data/node_modules/aws-sign2': '/data/node_modules/.aws-sign2-X45wVquF',
288 silly reify   '/data/node_modules/bcrypt-pbkdf': '/data/node_modules/.bcrypt-pbkdf-ttTcMKMW',
288 silly reify   '/data/node_modules/aws4': '/data/node_modules/.aws4-Wbwj5ujf',
288 silly reify   '/data/node_modules/caseless': '/data/node_modules/.caseless-ekVdtHwV',
288 silly reify   '/data/node_modules/core-util-is': '/data/node_modules/.core-util-is-9IULv6p7',
288 silly reify   '/data/node_modules/combined-stream': '/data/node_modules/.combined-stream-0zmoVf8j',
288 silly reify   '/data/node_modules/dashdash': '/data/node_modules/.dashdash-TmMTJdjV',
288 silly reify   '/data/node_modules/delayed-stream': '/data/node_modules/.delayed-stream-RwPyxr6p',
288 silly reify   '/data/node_modules/extend': '/data/node_modules/.extend-IBMMU5HM',
288 silly reify   '/data/node_modules/ecc-jsbn': '/data/node_modules/.ecc-jsbn-9XjzsfMH',
288 silly reify   '/data/node_modules/extsprintf': '/data/node_modules/.extsprintf-FoHmJk3p',
288 silly reify   '/data/node_modules/fast-deep-equal': '/data/node_modules/.fast-deep-equal-zliBd0dy',
288 silly reify   '/data/node_modules/fast-json-stable-stringify': '/data/node_modules/.fast-json-stable-stringify-fvJHGmZ2',
288 silly reify   '/data/node_modules/form-data': '/data/node_modules/.form-data-VxlkrdGS',
288 silly reify   '/data/node_modules/forever-agent': '/data/node_modules/.forever-agent-ETyJOEPt',
288 silly reify   '/data/node_modules/getpass': '/data/node_modules/.getpass-8UGyalEQ',
288 silly reify   '/data/node_modules/har-validator': '/data/node_modules/.har-validator-TX2bAY5B',
288 silly reify   '/data/node_modules/http-signature': '/data/node_modules/.http-signature-sXjIiir6',
288 silly reify   '/data/node_modules/har-schema': '/data/node_modules/.har-schema-uXiZHIR3',
288 silly reify   '/data/node_modules/is-typedarray': '/data/node_modules/.is-typedarray-ljDyWP6Y',
288 silly reify   '/data/node_modules/isstream': '/data/node_modules/.isstream-3iJGFMBy',
288 silly reify   '/data/node_modules/jsbn': '/data/node_modules/.jsbn-SoBmc5PG',
288 silly reify   '/data/node_modules/json-schema': '/data/node_modules/.json-schema-oZ7nJNQT',
288 silly reify   '/data/node_modules/json-schema-traverse': '/data/node_modules/.json-schema-traverse-zMJEzWC6',
288 silly reify   '/data/node_modules/json-stringify-safe': '/data/node_modules/.json-stringify-safe-JGxUyLWG',
288 silly reify   '/data/node_modules/jsprim': '/data/node_modules/.jsprim-xDzGB51Y',
288 silly reify   '/data/node_modules/mime-db': '/data/node_modules/.mime-db-Bc7q22S9',
288 silly reify   '/data/node_modules/mime-types': '/data/node_modules/.mime-types-Cid6PBHG',
288 silly reify   '/data/node_modules/node-red-node-openweathermap': '/data/node_modules/.node-red-node-openweathermap-wr4mkzM4',
288 silly reify   '/data/node_modules/oauth-sign': '/data/node_modules/.oauth-sign-1dcypRvD',
288 silly reify   '/data/node_modules/performance-now': '/data/node_modules/.performance-now-q04eAUSy',
288 silly reify   '/data/node_modules/psl': '/data/node_modules/.psl-l2CdK3gQ',
288 silly reify   '/data/node_modules/punycode': '/data/node_modules/.punycode-gyQTLwWT',
288 silly reify   '/data/node_modules/qs': '/data/node_modules/.qs-t2ewpGYR',
288 silly reify   '/data/node_modules/request': '/data/node_modules/.request-DH2dnj1F',
288 silly reify   '/data/node_modules/safe-buffer': '/data/node_modules/.safe-buffer-RhdIW9jy',
288 silly reify   '/data/node_modules/safer-buffer': '/data/node_modules/.safer-buffer-aAdgwKtH',
288 silly reify   '/data/node_modules/sshpk': '/data/node_modules/.sshpk-eLsZQtXO',
288 silly reify   '/data/node_modules/tough-cookie': '/data/node_modules/.tough-cookie-vIsWCDtx',
288 silly reify   '/data/node_modules/tweetnacl': '/data/node_modules/.tweetnacl-FVDo8YcJ',
288 silly reify   '/data/node_modules/uri-js': '/data/node_modules/.uri-js-yojBRoJj',
288 silly reify   '/data/node_modules/uuid': '/data/node_modules/.uuid-4ltFvtl7',
288 silly reify   '/data/node_modules/verror': '/data/node_modules/.verror-WoSm6F9n',
288 silly reify   '/data/node_modules/tunnel-agent': '/data/node_modules/.tunnel-agent-o9qAJAS3'
288 silly reify }
289 timing reify:retireShallow Completed in 266ms
290 timing reify:createSparse Completed in 70ms
291 timing reify:trashOmits Completed in 0ms
292 timing reify:loadBundles Completed in 0ms
293 silly tarball no local data for verror@https://registry.npmjs.org/verror/-/verror-1.10.0.tgz. Extracting by manifest.
294 silly tarball no local data for uri-js@https://registry.npmjs.org/uri-js/-/uri-js-4.4.1.tgz. Extracting by manifest.
295 silly tarball no local data for uuid@https://registry.npmjs.org/uuid/-/uuid-3.4.0.tgz. Extracting by manifest.
296 silly tarball no local data for tunnel-agent@https://registry.npmjs.org/tunnel-agent/-/tunnel-agent-0.6.0.tgz. Extracting by manifest.
297 silly tarball no local data for tweetnacl@https://registry.npmjs.org/tweetnacl/-/tweetnacl-0.14.5.tgz. Extracting by manifest.
298 silly tarball no local data for safer-buffer@https://registry.npmjs.org/safer-buffer/-/safer-buffer-2.1.2.tgz. Extracting by manifest.
299 silly tarball no local data for sshpk@https://registry.npmjs.org/sshpk/-/sshpk-1.18.0.tgz. Extracting by manifest.
300 silly tarball no local data for tough-cookie@https://registry.npmjs.org/tough-cookie/-/tough-cookie-2.5.0.tgz. Extracting by manifest.
301 silly tarball no local data for qs@https://registry.npmjs.org/qs/-/qs-6.5.3.tgz. Extracting by manifest.
302 silly tarball no local data for request@https://registry.npmjs.org/request/-/request-2.88.2.tgz. Extracting by manifest.
303 silly tarball no local data for punycode@https://registry.npmjs.org/punycode/-/punycode-2.3.1.tgz. Extracting by manifest.
304 silly tarball no local data for node-red-node-openweathermap@https://registry.npmjs.org/node-red-node-openweathermap/-/node-red-node-openweathermap-0.5.1.tgz. Extracting by manifest.
305 silly tarball no local data for psl@https://registry.npmjs.org/psl/-/psl-1.9.0.tgz. Extracting by manifest.
306 silly tarball no local data for performance-now@https://registry.npmjs.org/performance-now/-/performance-now-2.1.0.tgz. Extracting by manifest.
307 silly tarball no local data for oauth-sign@https://registry.npmjs.org/oauth-sign/-/oauth-sign-0.9.0.tgz. Extracting by manifest.
308 silly tarball no local data for jsprim@https://registry.npmjs.org/jsprim/-/jsprim-1.4.2.tgz. Extracting by manifest.
309 silly tarball no local data for mime-db@https://registry.npmjs.org/mime-db/-/mime-db-1.52.0.tgz. Extracting by manifest.
310 silly tarball no local data for json-stringify-safe@https://registry.npmjs.org/json-stringify-safe/-/json-stringify-safe-5.0.1.tgz. Extracting by manifest.
311 silly tarball no local data for mime-types@https://registry.npmjs.org/mime-types/-/mime-types-2.1.35.tgz. Extracting by manifest.
312 silly tarball no local data for json-schema@https://registry.npmjs.org/json-schema/-/json-schema-0.4.0.tgz. Extracting by manifest.
313 silly tarball no local data for json-schema-traverse@https://registry.npmjs.org/json-schema-traverse/-/json-schema-traverse-0.4.1.tgz. Extracting by manifest.
314 silly tarball no local data for isstream@https://registry.npmjs.org/isstream/-/isstream-0.1.2.tgz. Extracting by manifest.
315 silly tarball no local data for jsbn@https://registry.npmjs.org/jsbn/-/jsbn-0.1.1.tgz. Extracting by manifest.
316 silly tarball no local data for is-typedarray@https://registry.npmjs.org/is-typedarray/-/is-typedarray-1.0.0.tgz. Extracting by manifest.
317 silly tarball no local data for har-schema@https://registry.npmjs.org/har-schema/-/har-schema-2.0.0.tgz. Extracting by manifest.
318 silly tarball no local data for http-signature@https://registry.npmjs.org/http-signature/-/http-signature-1.2.0.tgz. Extracting by manifest.
319 silly tarball no local data for har-validator@https://registry.npmjs.org/har-validator/-/har-validator-5.1.5.tgz. Extracting by manifest.
320 silly tarball no local data for getpass@https://registry.npmjs.org/getpass/-/getpass-0.1.7.tgz. Extracting by manifest.
321 silly tarball no local data for form-data@https://registry.npmjs.org/form-data/-/form-data-2.3.3.tgz. Extracting by manifest.
322 silly tarball no local data for fast-json-stable-stringify@https://registry.npmjs.org/fast-json-stable-stringify/-/fast-json-stable-stringify-2.1.0.tgz. Extracting by manifest.
323 silly tarball no local data for forever-agent@https://registry.npmjs.org/forever-agent/-/forever-agent-0.6.1.tgz. Extracting by manifest.
324 silly tarball no local data for fast-deep-equal@https://registry.npmjs.org/fast-deep-equal/-/fast-deep-equal-3.1.3.tgz. Extracting by manifest.
325 silly tarball no local data for ecc-jsbn@https://registry.npmjs.org/ecc-jsbn/-/ecc-jsbn-0.1.2.tgz. Extracting by manifest.
326 silly tarball no local data for extend@https://registry.npmjs.org/extend/-/extend-3.0.2.tgz. Extracting by manifest.
327 silly tarball no local data for extsprintf@https://registry.npmjs.org/extsprintf/-/extsprintf-1.3.0.tgz. Extracting by manifest.
328 silly tarball no local data for delayed-stream@https://registry.npmjs.org/delayed-stream/-/delayed-stream-1.0.0.tgz. Extracting by manifest.
329 silly tarball no local data for combined-stream@https://registry.npmjs.org/combined-stream/-/combined-stream-1.0.8.tgz. Extracting by manifest.
330 silly tarball no local data for core-util-is@https://registry.npmjs.org/core-util-is/-/core-util-is-1.0.2.tgz. Extracting by manifest.
331 silly tarball no local data for dashdash@https://registry.npmjs.org/dashdash/-/dashdash-1.14.1.tgz. Extracting by manifest.
332 silly tarball no local data for caseless@https://registry.npmjs.org/caseless/-/caseless-0.12.0.tgz. Extracting by manifest.
333 silly tarball no local data for aws4@https://registry.npmjs.org/aws4/-/aws4-1.12.0.tgz. Extracting by manifest.
334 silly tarball no local data for aws-sign2@https://registry.npmjs.org/aws-sign2/-/aws-sign2-0.7.0.tgz. Extracting by manifest.
335 silly tarball no local data for bcrypt-pbkdf@https://registry.npmjs.org/bcrypt-pbkdf/-/bcrypt-pbkdf-1.0.2.tgz. Extracting by manifest.
336 silly tarball no local data for assert-plus@https://registry.npmjs.org/assert-plus/-/assert-plus-1.0.0.tgz. Extracting by manifest.
337 silly tarball no local data for asynckit@https://registry.npmjs.org/asynckit/-/asynckit-0.4.0.tgz. Extracting by manifest.
338 silly tarball no local data for asn1@https://registry.npmjs.org/asn1/-/asn1-0.2.6.tgz. Extracting by manifest.
339 silly tarball no local data for ajv@https://registry.npmjs.org/ajv/-/ajv-6.12.6.tgz. Extracting by manifest.
340 timing reifyNode:node_modules/safe-buffer Completed in 268ms
341 http fetch GET 200 https://registry.npmjs.org/punycode/-/punycode-2.3.1.tgz 1332ms (cache miss)
342 timing reifyNode:node_modules/punycode Completed in 1455ms
343 http fetch GET 200 https://registry.npmjs.org/safer-buffer/-/safer-buffer-2.1.2.tgz 1544ms (cache miss)
344 timing reifyNode:node_modules/safer-buffer Completed in 1660ms
345 http fetch GET 200 https://registry.npmjs.org/oauth-sign/-/oauth-sign-0.9.0.tgz 1550ms (cache miss)
346 timing reifyNode:node_modules/oauth-sign Completed in 1682ms
347 http fetch GET 200 https://registry.npmjs.org/jsprim/-/jsprim-1.4.2.tgz 1552ms (cache miss)
348 timing reifyNode:node_modules/jsprim Completed in 1687ms
349 http fetch GET 200 https://registry.npmjs.org/tough-cookie/-/tough-cookie-2.5.0.tgz 1581ms (cache miss)
350 http fetch GET 200 https://registry.npmjs.org/is-typedarray/-/is-typedarray-1.0.0.tgz 1549ms (cache miss)
351 timing reifyNode:node_modules/is-typedarray Completed in 1700ms
352 http fetch GET 200 https://registry.npmjs.org/isstream/-/isstream-0.1.2.tgz 1567ms (cache miss)
353 timing reifyNode:node_modules/isstream Completed in 1716ms
354 http fetch GET 200 https://registry.npmjs.org/har-schema/-/har-schema-2.0.0.tgz 1565ms (cache miss)
355 http fetch GET 200 https://registry.npmjs.org/tunnel-agent/-/tunnel-agent-0.6.0.tgz 1618ms (cache miss)
356 timing reifyNode:node_modules/tunnel-agent Completed in 1739ms
357 http fetch GET 200 https://registry.npmjs.org/json-schema-traverse/-/json-schema-traverse-0.4.1.tgz 1595ms (cache miss)
358 timing reifyNode:node_modules/json-schema-traverse Completed in 1742ms
359 http fetch GET 200 https://registry.npmjs.org/json-stringify-safe/-/json-stringify-safe-5.0.1.tgz 1604ms (cache miss)
360 timing reifyNode:node_modules/json-stringify-safe Completed in 1753ms
361 timing reifyNode:node_modules/tough-cookie Completed in 1755ms
362 http fetch GET 200 https://registry.npmjs.org/fast-deep-equal/-/fast-deep-equal-3.1.3.tgz 1600ms (cache miss)
363 http fetch GET 200 https://registry.npmjs.org/forever-agent/-/forever-agent-0.6.1.tgz 1603ms (cache miss)
364 timing reifyNode:node_modules/forever-agent Completed in 1771ms
365 http fetch GET 200 https://registry.npmjs.org/delayed-stream/-/delayed-stream-1.0.0.tgz 1591ms (cache miss)
366 timing reifyNode:node_modules/delayed-stream Completed in 1775ms
367 http fetch GET 200 https://registry.npmjs.org/uuid/-/uuid-3.4.0.tgz 1674ms (cache miss)
368 http fetch GET 200 https://registry.npmjs.org/har-validator/-/har-validator-5.1.5.tgz 1621ms (cache miss)
369 warn deprecated har-validator@5.1.5: this library is no longer supported
370 timing reifyNode:node_modules/har-validator Completed in 1794ms
371 http fetch GET 200 https://registry.npmjs.org/getpass/-/getpass-0.1.7.tgz 1632ms (cache miss)
372 timing reifyNode:node_modules/getpass Completed in 1796ms
373 http fetch GET 200 https://registry.npmjs.org/combined-stream/-/combined-stream-1.0.8.tgz 1623ms (cache miss)
374 timing reifyNode:node_modules/combined-stream Completed in 1808ms
375 http fetch GET 200 https://registry.npmjs.org/core-util-is/-/core-util-is-1.0.2.tgz 1625ms (cache miss)
376 timing reifyNode:node_modules/core-util-is Completed in 1812ms
377 http fetch GET 200 https://registry.npmjs.org/aws-sign2/-/aws-sign2-0.7.0.tgz 1622ms (cache miss)
378 timing reifyNode:node_modules/aws-sign2 Completed in 1821ms
379 http fetch GET 200 https://registry.npmjs.org/mime-types/-/mime-types-2.1.35.tgz 1686ms (cache miss)
380 timing reifyNode:node_modules/mime-types Completed in 1828ms
381 http fetch GET 200 https://registry.npmjs.org/jsbn/-/jsbn-0.1.1.tgz 1691ms (cache miss)
382 timing reifyNode:node_modules/jsbn Completed in 1841ms
383 timing reifyNode:node_modules/fast-deep-equal Completed in 1843ms
384 http fetch GET 200 https://registry.npmjs.org/caseless/-/caseless-0.12.0.tgz 1656ms (cache miss)
385 timing reifyNode:node_modules/caseless Completed in 1846ms
386 http fetch GET 200 https://registry.npmjs.org/extsprintf/-/extsprintf-1.3.0.tgz 1667ms (cache miss)
387 timing reifyNode:node_modules/extsprintf Completed in 1848ms
388 http fetch GET 200 https://registry.npmjs.org/aws4/-/aws4-1.12.0.tgz 1661ms (cache miss)
389 timing reifyNode:node_modules/aws4 Completed in 1852ms
390 http fetch GET 200 https://registry.npmjs.org/asn1/-/asn1-0.2.6.tgz 1665ms (cache miss)
391 http fetch GET 200 https://registry.npmjs.org/bcrypt-pbkdf/-/bcrypt-pbkdf-1.0.2.tgz 1679ms (cache miss)
392 timing reifyNode:node_modules/bcrypt-pbkdf Completed in 1872ms
393 http fetch GET 200 https://registry.npmjs.org/json-schema/-/json-schema-0.4.0.tgz 1740ms (cache miss)
394 timing reifyNode:node_modules/json-schema Completed in 1885ms
395 warn deprecated uuid@3.4.0: Please upgrade  to version 7 or higher.  Older versions may use Math.random() in certain circumstances, which is known to be problematic.  See https://v8.dev/blog/math-random for details.
396 timing reifyNode:node_modules/uuid Completed in 1892ms
397 timing reifyNode:node_modules/asn1 Completed in 1923ms
398 http fetch GET 200 https://registry.npmjs.org/assert-plus/-/assert-plus-1.0.0.tgz 1742ms (cache miss)
399 timing reifyNode:node_modules/assert-plus Completed in 1937ms
400 http fetch GET 200 https://registry.npmjs.org/performance-now/-/performance-now-2.1.0.tgz 1812ms (cache miss)
401 http fetch GET 200 https://registry.npmjs.org/fast-json-stable-stringify/-/fast-json-stable-stringify-2.1.0.tgz 1829ms (cache miss)
402 timing reifyNode:node_modules/performance-now Completed in 2010ms
403 http fetch GET 200 https://registry.npmjs.org/verror/-/verror-1.10.0.tgz 1910ms (cache miss)
404 timing reifyNode:node_modules/verror Completed in 2014ms
405 http fetch GET 200 https://registry.npmjs.org/ecc-jsbn/-/ecc-jsbn-0.1.2.tgz 1849ms (cache miss)
406 timing reifyNode:node_modules/ecc-jsbn Completed in 2029ms
407 http fetch GET 200 https://registry.npmjs.org/mime-db/-/mime-db-1.52.0.tgz 1909ms (cache miss)
408 timing reifyNode:node_modules/mime-db Completed in 2046ms
409 timing reifyNode:node_modules/fast-json-stable-stringify Completed in 2047ms
410 http fetch GET 200 https://registry.npmjs.org/extend/-/extend-3.0.2.tgz 1877ms (cache miss)
411 timing reifyNode:node_modules/extend Completed in 2058ms
412 timing reifyNode:node_modules/har-schema Completed in 2076ms
413 http fetch GET 200 https://registry.npmjs.org/form-data/-/form-data-2.3.3.tgz 1915ms (cache miss)
414 timing reifyNode:node_modules/form-data Completed in 2079ms
415 http fetch GET 200 https://registry.npmjs.org/dashdash/-/dashdash-1.14.1.tgz 1893ms (cache miss)
416 timing reifyNode:node_modules/dashdash Completed in 2082ms
417 http fetch GET 200 https://registry.npmjs.org/node-red-node-openweathermap/-/node-red-node-openweathermap-0.5.1.tgz 1959ms (cache miss)
418 timing reifyNode:node_modules/node-red-node-openweathermap Completed in 2085ms
419 http fetch GET 200 https://registry.npmjs.org/asynckit/-/asynckit-0.4.0.tgz 1905ms (cache miss)
420 http fetch GET 200 https://registry.npmjs.org/http-signature/-/http-signature-1.2.0.tgz 1951ms (cache miss)
421 timing reifyNode:node_modules/http-signature Completed in 2115ms
422 timing reifyNode:node_modules/asynckit Completed in 2123ms
423 http fetch GET 200 https://registry.npmjs.org/tweetnacl/-/tweetnacl-0.14.5.tgz 2116ms (cache miss)
424 timing reifyNode:node_modules/tweetnacl Completed in 2228ms
425 http fetch GET 200 https://registry.npmjs.org/qs/-/qs-6.5.3.tgz 2132ms (cache miss)
426 timing reifyNode:node_modules/qs Completed in 2252ms
427 http fetch GET 200 https://registry.npmjs.org/request/-/request-2.88.2.tgz 2147ms (cache miss)
428 warn deprecated request@2.88.2: request has been deprecated, see https://github.com/request/request/issues/3142
429 timing reifyNode:node_modules/request Completed in 2270ms
430 http fetch GET 200 https://registry.npmjs.org/psl/-/psl-1.9.0.tgz 2277ms (cache miss)
431 timing reifyNode:node_modules/psl Completed in 2405ms
432 http fetch GET 200 https://registry.npmjs.org/sshpk/-/sshpk-1.18.0.tgz 2395ms (cache miss)
433 timing reifyNode:node_modules/sshpk Completed in 2511ms
434 http fetch GET 200 https://registry.npmjs.org/uri-js/-/uri-js-4.4.1.tgz 2430ms (cache miss)
435 timing reifyNode:node_modules/uri-js Completed in 2547ms
436 http fetch GET 200 https://registry.npmjs.org/ajv/-/ajv-6.12.6.tgz 2608ms (cache miss)
437 timing reifyNode:node_modules/ajv Completed in 2806ms
438 timing reify:unpack Completed in 2810ms
439 timing reify:unretire Completed in 1ms
440 timing build:queue Completed in 20ms
441 timing build:link:node_modules/sshpk Completed in 29ms
442 timing build:link:node_modules/uuid Completed in 36ms
443 timing build:link Completed in 39ms
444 timing build:deps Completed in 60ms
445 timing build Completed in 60ms
446 timing reify:build Completed in 62ms
447 timing reify:trash Completed in 318ms
448 timing reify:save Completed in 70ms
449 timing reify Completed in 21641ms
450 silly CHANGE node_modules/tunnel-agent
451 silly CHANGE node_modules/verror
452 silly CHANGE node_modules/uuid
453 silly CHANGE node_modules/uri-js
454 silly CHANGE node_modules/tweetnacl
455 silly CHANGE node_modules/tough-cookie
456 silly CHANGE node_modules/sshpk
457 silly CHANGE node_modules/safer-buffer
458 silly CHANGE node_modules/safe-buffer
459 silly CHANGE node_modules/request
460 silly CHANGE node_modules/qs
461 silly CHANGE node_modules/punycode
462 silly CHANGE node_modules/psl
463 silly CHANGE node_modules/performance-now
464 silly CHANGE node_modules/oauth-sign
465 silly CHANGE node_modules/node-red-node-openweathermap
466 silly CHANGE node_modules/mime-types
467 silly CHANGE node_modules/mime-db
468 silly CHANGE node_modules/jsprim
469 silly CHANGE node_modules/json-stringify-safe
470 silly CHANGE node_modules/json-schema-traverse
471 silly CHANGE node_modules/json-schema
472 silly CHANGE node_modules/jsbn
473 silly CHANGE node_modules/isstream
474 silly CHANGE node_modules/is-typedarray
475 silly CHANGE node_modules/har-schema
476 silly CHANGE node_modules/http-signature
477 silly CHANGE node_modules/har-validator
478 silly CHANGE node_modules/getpass
479 silly CHANGE node_modules/forever-agent
480 silly CHANGE node_modules/form-data
481 silly CHANGE node_modules/fast-json-stable-stringify
482 silly CHANGE node_modules/fast-deep-equal
483 silly CHANGE node_modules/extsprintf
484 silly CHANGE node_modules/ecc-jsbn
485 silly CHANGE node_modules/extend
486 silly CHANGE node_modules/delayed-stream
487 silly CHANGE node_modules/dashdash
488 silly CHANGE node_modules/combined-stream
489 silly CHANGE node_modules/core-util-is
490 silly CHANGE node_modules/caseless
491 silly CHANGE node_modules/aws4
492 silly CHANGE node_modules/bcrypt-pbkdf
493 silly CHANGE node_modules/aws-sign2
494 silly CHANGE node_modules/asynckit
495 silly CHANGE node_modules/assert-plus
496 silly CHANGE node_modules/asn1
497 silly CHANGE node_modules/ajv
498 timing command:install Completed in 21670ms
499 verbose exit 0
500 timing npm Completed in 21873ms
501 info ok
