0 verbose cli /usr/local/bin/node /usr/local/bin/npm
1 info using npm@8.19.4
2 info using node@v16.20.2
3 timing npm:load:whichnode Completed in 1ms
4 timing config:load:defaults Completed in 2ms
5 timing config:load:file:/usr/local/lib/node_modules/npm/npmrc Completed in 0ms
6 timing config:load:builtin Completed in 1ms
7 warn config production Use `--omit=dev` instead.
8 timing config:load:cli Completed in 3ms
9 timing config:load:env Completed in 0ms
10 timing config:load:file:/data/.npmrc Completed in 3ms
11 timing config:load:project Completed in 10ms
12 timing config:load:file:/usr/src/node-red/.npmrc Completed in 0ms
13 timing config:load:user Completed in 0ms
14 timing config:load:file:/usr/local/etc/npmrc Completed in 2ms
15 timing config:load:global Completed in 2ms
16 timing config:load:validate Completed in 0ms
17 timing config:load:credentials Completed in 1ms
18 timing config:load:setEnvs Completed in 1ms
19 timing config:load Completed in 21ms
20 timing npm:load:configload Completed in 21ms
21 timing npm:load:mkdirpcache Completed in 0ms
22 timing npm:load:mkdirplogs Completed in 1ms
23 verbose title npm install node-red-contrib-webhookrelay@0.3.0
24 verbose argv "install" "--no-audit" "--no-update-notifier" "--no-fund" "--save" "--save-prefix" "~" "--production" "--engine-strict" "node-red-contrib-webhookrelay@0.3.0"
25 timing npm:load:setTitle Completed in 2ms
26 timing config:load:flatten Completed in 3ms
27 timing npm:load:display Completed in 5ms
28 verbose logfile logs-max:10 dir:/data/.npm/_logs
29 verbose logfile /data/.npm/_logs/2024-02-29T18_16_34_314Z-debug-0.log
30 timing npm:load:logFile Completed in 5ms
31 timing npm:load:timers Completed in 1ms
32 timing npm:load:configScope Completed in 0ms
33 timing npm:load Completed in 37ms
34 timing arborist:ctor Completed in 1ms
35 silly logfile start cleaning logs, removing 29 files
36 timing idealTree:init Completed in 23ms
37 timing idealTree:userRequests Completed in 2ms
38 silly idealTree buildDeps
39 silly fetch manifest node-red-contrib-webhookrelay@0.3.0
40 verbose shrinkwrap failed to load node_modules/.package-lock.json out of date, updated: node_modules
41 silly logfile done cleaning log files
42 http fetch GET 200 https://registry.npmjs.org/node-red-contrib-webhookrelay 970ms (cache miss)
43 silly placeDep ROOT node-red-contrib-webhookrelay@0.3.0 OK for: node-red-project@0.0.1 want: 0.3.0
44 silly fetch manifest webhookrelay-ws-client@^0.7.1
45 http fetch GET 200 https://registry.npmjs.org/webhookrelay-ws-client 766ms (cache miss)
46 timing idealTree:#root Completed in 1747ms
47 silly placeDep ROOT webhookrelay-ws-client@0.7.1 OK for: node-red-contrib-webhookrelay@0.3.0 want: ^0.7.1
48 silly fetch manifest typed-rest-client@^1.7.2
49 silly fetch manifest universal-websocket-client@^1.0.2
50 silly fetch manifest winston@^3.2.1
51 silly fetch manifest ws@^6.1.2
52 http fetch GET 200 https://registry.npmjs.org/ws 203ms (cache miss)
53 http fetch GET 200 https://registry.npmjs.org/typed-rest-client 660ms (cache miss)
54 http fetch GET 200 https://registry.npmjs.org/winston 717ms (cache miss)
55 http fetch GET 200 https://registry.npmjs.org/universal-websocket-client 743ms (cache miss)
56 timing idealTree:node_modules/node-red-contrib-webhookrelay Completed in 748ms
57 silly placeDep ROOT typed-rest-client@1.8.11 OK for: webhookrelay-ws-client@0.7.1 want: ^1.7.2
58 silly placeDep ROOT universal-websocket-client@1.0.2 OK for: webhookrelay-ws-client@0.7.1 want: ^1.0.2
59 silly placeDep ROOT winston@3.11.0 OK for: webhookrelay-ws-client@0.7.1 want: ^3.2.1
60 silly placeDep ROOT ws@6.2.2 OK for: webhookrelay-ws-client@0.7.1 want: ^6.1.2
61 silly fetch manifest qs@^6.9.1
62 silly fetch manifest tunnel@0.0.6
63 silly fetch manifest underscore@^1.12.1
64 silly fetch manifest ws@^3.3.3
65 silly fetch manifest @dabh/diagnostics@^2.0.2
66 silly fetch manifest @colors/colors@^1.6.0
67 silly fetch manifest async@^3.2.3
68 silly fetch manifest is-stream@^2.0.0
69 silly fetch manifest logform@^2.4.0
70 silly fetch manifest one-time@^1.0.0
71 silly fetch manifest readable-stream@^3.4.0
72 silly fetch manifest safe-stable-stringify@^2.3.1
73 silly fetch manifest stack-trace@0.0.x
74 silly fetch manifest triple-beam@^1.3.0
75 silly fetch manifest winston-transport@^4.5.0
76 silly fetch manifest async-limiter@~1.0.0
77 http fetch GET 200 https://registry.npmjs.org/qs 98ms (cache miss)
78 http fetch GET 200 https://registry.npmjs.org/underscore 98ms (cache miss)
79 http fetch GET 200 https://registry.npmjs.org/async-limiter 205ms (cache miss)
80 http fetch GET 200 https://registry.npmjs.org/@colors%2fcolors 213ms (cache miss)
81 http fetch GET 200 https://registry.npmjs.org/is-stream 213ms (cache miss)
82 http fetch GET 200 https://registry.npmjs.org/stack-trace 211ms (cache miss)
83 http fetch GET 200 https://registry.npmjs.org/safe-stable-stringify 215ms (cache miss)
84 http fetch GET 200 https://registry.npmjs.org/logform 218ms (cache miss)
85 http fetch GET 200 https://registry.npmjs.org/async 220ms (cache miss)
86 http fetch GET 200 https://registry.npmjs.org/readable-stream 221ms (cache miss)
87 http fetch GET 200 https://registry.npmjs.org/tunnel 284ms (cache miss)
88 http fetch GET 200 https://registry.npmjs.org/one-time 385ms (cache miss)
89 http fetch GET 200 https://registry.npmjs.org/triple-beam 758ms (cache miss)
90 http fetch GET 200 https://registry.npmjs.org/winston-transport 838ms (cache miss)
91 http fetch GET 200 https://registry.npmjs.org/@dabh%2fdiagnostics 1336ms (cache miss)
92 timing idealTree:node_modules/webhookrelay-ws-client Completed in 1353ms
93 silly placeDep ROOT qs@6.11.2 OK for: typed-rest-client@1.8.11 want: ^6.9.1
94 silly placeDep ROOT tunnel@0.0.6 OK for: typed-rest-client@1.8.11 want: 0.0.6
95 silly placeDep ROOT underscore@1.13.6 OK for: typed-rest-client@1.8.11 want: ^1.12.1
96 silly fetch manifest side-channel@^1.0.4
97 http fetch GET 200 https://registry.npmjs.org/side-channel 65ms (cache miss)
98 timing idealTree:node_modules/typed-rest-client Completed in 73ms
99 silly placeDep ROOT side-channel@1.0.5 OK for: qs@6.11.2 want: ^1.0.4
100 silly fetch manifest call-bind@^1.0.6
101 silly fetch manifest es-errors@^1.3.0
102 silly fetch manifest get-intrinsic@^1.2.4
103 silly fetch manifest object-inspect@^1.13.1
104 http fetch GET 200 https://registry.npmjs.org/call-bind 72ms (cache miss)
105 http fetch GET 200 https://registry.npmjs.org/get-intrinsic 71ms (cache miss)
106 http fetch GET 200 https://registry.npmjs.org/object-inspect 77ms (cache miss)
107 http fetch GET 200 https://registry.npmjs.org/es-errors 97ms (cache miss)
108 timing idealTree:node_modules/qs Completed in 100ms
109 silly placeDep ROOT call-bind@1.0.7 OK for: side-channel@1.0.5 want: ^1.0.6
110 silly placeDep ROOT es-errors@1.3.0 OK for: side-channel@1.0.5 want: ^1.3.0
111 silly placeDep ROOT get-intrinsic@1.2.4 OK for: side-channel@1.0.5 want: ^1.2.4
112 silly placeDep ROOT object-inspect@1.13.1 OK for: side-channel@1.0.5 want: ^1.13.1
113 silly fetch manifest es-define-property@^1.0.0
114 silly fetch manifest function-bind@^1.1.2
115 silly fetch manifest set-function-length@^1.2.1
116 silly fetch manifest has-proto@^1.0.1
117 silly fetch manifest has-symbols@^1.0.3
118 silly fetch manifest hasown@^2.0.0
119 http fetch GET 200 https://registry.npmjs.org/has-proto 93ms (cache miss)
120 http fetch GET 200 https://registry.npmjs.org/es-define-property 97ms (cache miss)
121 http fetch GET 200 https://registry.npmjs.org/set-function-length 96ms (cache miss)
122 http fetch GET 200 https://registry.npmjs.org/hasown 94ms (cache miss)
123 http fetch GET 200 https://registry.npmjs.org/function-bind 98ms (cache miss)
124 http fetch GET 200 https://registry.npmjs.org/has-symbols 95ms (cache miss)
125 timing idealTree:node_modules/side-channel Completed in 106ms
126 silly placeDep ROOT es-define-property@1.0.0 OK for: call-bind@1.0.7 want: ^1.0.0
127 silly placeDep ROOT function-bind@1.1.2 OK for: call-bind@1.0.7 want: ^1.1.2
128 silly placeDep ROOT set-function-length@1.2.1 OK for: call-bind@1.0.7 want: ^1.2.1
129 silly fetch manifest define-data-property@^1.1.2
130 silly fetch manifest gopd@^1.0.1
131 silly fetch manifest has-property-descriptors@^1.0.1
132 http fetch GET 200 https://registry.npmjs.org/gopd 75ms (cache miss)
133 http fetch GET 200 https://registry.npmjs.org/has-property-descriptors 76ms (cache miss)
134 http fetch GET 200 https://registry.npmjs.org/define-data-property 79ms (cache miss)
135 timing idealTree:node_modules/call-bind Completed in 86ms
136 timing idealTree:node_modules/es-define-property Completed in 1ms
137 timing idealTree:node_modules/es-errors Completed in 0ms
138 timing idealTree:node_modules/function-bind Completed in 0ms
139 silly placeDep ROOT has-proto@1.0.3 OK for: get-intrinsic@1.2.4 want: ^1.0.1
140 silly placeDep ROOT has-symbols@1.0.3 OK for: get-intrinsic@1.2.4 want: ^1.0.3
141 silly placeDep ROOT hasown@2.0.1 OK for: get-intrinsic@1.2.4 want: ^2.0.0
142 timing idealTree:node_modules/get-intrinsic Completed in 4ms
143 timing idealTree:node_modules/has-proto Completed in 0ms
144 timing idealTree:node_modules/has-symbols Completed in 0ms
145 timing idealTree:node_modules/hasown Completed in 0ms
146 timing idealTree:node_modules/object-inspect Completed in 0ms
147 silly placeDep ROOT define-data-property@1.1.4 OK for: set-function-length@1.2.1 want: ^1.1.2
148 silly placeDep ROOT gopd@1.0.1 OK for: set-function-length@1.2.1 want: ^1.0.1
149 silly placeDep ROOT has-property-descriptors@1.0.2 OK for: set-function-length@1.2.1 want: ^1.0.1
150 timing idealTree:node_modules/set-function-length Completed in 5ms
151 timing idealTree:node_modules/define-data-property Completed in 0ms
152 timing idealTree:node_modules/gopd Completed in 0ms
153 timing idealTree:node_modules/has-property-descriptors Completed in 0ms
154 timing idealTree:node_modules/tunnel Completed in 0ms
155 timing idealTree:node_modules/underscore Completed in 0ms
156 silly placeDep node_modules/universal-websocket-client ws@3.3.3 OK for: universal-websocket-client@1.0.2 want: ^3.3.3
157 silly fetch manifest safe-buffer@~5.1.0
158 silly fetch manifest ultron@~1.1.0
159 http fetch GET 200 https://registry.npmjs.org/safe-buffer 97ms (cache miss)
160 http fetch GET 200 https://registry.npmjs.org/ultron 291ms (cache miss)
161 timing idealTree:node_modules/universal-websocket-client Completed in 296ms
162 silly placeDep ROOT @colors/colors@1.6.0 OK for: winston@3.11.0 want: ^1.6.0
163 silly placeDep ROOT @dabh/diagnostics@2.0.3 OK for: winston@3.11.0 want: ^2.0.2
164 silly placeDep ROOT async@3.2.5 OK for: winston@3.11.0 want: ^3.2.3
165 silly placeDep ROOT is-stream@2.0.1 OK for: winston@3.11.0 want: ^2.0.0
166 silly placeDep ROOT logform@2.6.0 OK for: winston@3.11.0 want: ^2.4.0
167 silly placeDep ROOT one-time@1.0.0 OK for: winston@3.11.0 want: ^1.0.0
168 silly placeDep ROOT readable-stream@3.6.2 OK for: winston@3.11.0 want: ^3.4.0
169 silly placeDep ROOT safe-stable-stringify@2.4.3 OK for: winston@3.11.0 want: ^2.3.1
170 silly placeDep ROOT stack-trace@0.0.10 OK for: winston@3.11.0 want: 0.0.x
171 silly placeDep ROOT triple-beam@1.4.1 OK for: winston@3.11.0 want: ^1.3.0
172 silly placeDep ROOT winston-transport@4.7.0 OK for: winston@3.11.0 want: ^4.5.0
173 silly fetch manifest colorspace@1.1.x
174 silly fetch manifest enabled@2.0.x
175 silly fetch manifest kuler@^2.0.0
176 silly fetch manifest @types/triple-beam@^1.3.2
177 silly fetch manifest fecha@^4.2.0
178 silly fetch manifest ms@^2.1.1
179 silly fetch manifest fn.name@1.x.x
180 silly fetch manifest inherits@^2.0.3
181 silly fetch manifest string_decoder@^1.1.1
182 silly fetch manifest util-deprecate@^1.0.1
183 http fetch GET 200 https://registry.npmjs.org/kuler 125ms (cache miss)
184 http fetch GET 200 https://registry.npmjs.org/inherits 120ms (cache miss)
185 http fetch GET 200 https://registry.npmjs.org/colorspace 129ms (cache miss)
186 http fetch GET 200 https://registry.npmjs.org/enabled 129ms (cache miss)
187 http fetch GET 200 https://registry.npmjs.org/string_decoder 123ms (cache miss)
188 http fetch GET 200 https://registry.npmjs.org/@types%2ftriple-beam 129ms (cache miss)
189 http fetch GET 200 https://registry.npmjs.org/fn.name 126ms (cache miss)
190 http fetch GET 200 https://registry.npmjs.org/ms 128ms (cache miss)
191 http fetch GET 200 https://registry.npmjs.org/fecha 130ms (cache miss)
192 http fetch GET 200 https://registry.npmjs.org/util-deprecate 296ms (cache miss)
193 timing idealTree:node_modules/winston Completed in 330ms
194 timing idealTree:node_modules/@colors/colors Completed in 0ms
195 silly placeDep ROOT colorspace@1.1.4 OK for: @dabh/diagnostics@2.0.3 want: 1.1.x
196 silly placeDep ROOT enabled@2.0.0 OK for: @dabh/diagnostics@2.0.3 want: 2.0.x
197 silly placeDep ROOT kuler@2.0.0 OK for: @dabh/diagnostics@2.0.3 want: ^2.0.0
198 silly fetch manifest color@^3.1.3
199 silly fetch manifest text-hex@1.0.x
200 http fetch GET 200 https://registry.npmjs.org/text-hex 111ms (cache miss)
201 http fetch GET 200 https://registry.npmjs.org/color 117ms (cache miss)
202 timing idealTree:node_modules/@dabh/diagnostics Completed in 126ms
203 timing idealTree:node_modules/async Completed in 1ms
204 silly placeDep ROOT color@3.2.1 OK for: colorspace@1.1.4 want: ^3.1.3
205 silly placeDep ROOT text-hex@1.0.0 OK for: colorspace@1.1.4 want: 1.0.x
206 silly fetch manifest color-convert@^1.9.3
207 silly fetch manifest color-string@^1.6.0
208 http fetch GET 200 https://registry.npmjs.org/color-string 101ms (cache miss)
209 http fetch GET 200 https://registry.npmjs.org/color-convert 105ms (cache miss)
210 timing idealTree:node_modules/colorspace Completed in 111ms
211 silly placeDep ROOT color-convert@1.9.3 OK for: color@3.2.1 want: ^1.9.3
212 silly placeDep ROOT color-string@1.9.1 OK for: color@3.2.1 want: ^1.6.0
213 silly fetch manifest color-name@1.1.3
214 silly fetch manifest color-name@^1.0.0
215 silly fetch manifest simple-swizzle@^0.2.2
216 http fetch GET 200 https://registry.npmjs.org/color-name 69ms (cache miss)
217 http fetch GET 200 https://registry.npmjs.org/color-name 76ms (cache miss)
218 http fetch GET 200 https://registry.npmjs.org/simple-swizzle 626ms (cache miss)
219 timing idealTree:node_modules/color Completed in 632ms
220 silly placeDep ROOT color-name@1.1.3 OK for: color-convert@1.9.3 want: 1.1.3
221 timing idealTree:node_modules/color-convert Completed in 2ms
222 timing idealTree:node_modules/color-name Completed in 0ms
223 silly placeDep ROOT simple-swizzle@0.2.2 OK for: color-string@1.9.1 want: ^0.2.2
224 silly fetch manifest is-arrayish@^0.3.1
225 http fetch GET 200 https://registry.npmjs.org/is-arrayish 69ms (cache miss)
226 timing idealTree:node_modules/color-string Completed in 72ms
227 timing idealTree:node_modules/enabled Completed in 0ms
228 timing idealTree:node_modules/is-stream Completed in 0ms
229 timing idealTree:node_modules/kuler Completed in 0ms
230 silly placeDep ROOT @types/triple-beam@1.3.5 OK for: logform@2.6.0 want: ^1.3.2
231 silly placeDep ROOT fecha@4.2.3 OK for: logform@2.6.0 want: ^4.2.0
232 silly placeDep ROOT ms@2.1.3 OK for: logform@2.6.0 want: ^2.1.1
233 timing idealTree:node_modules/logform Completed in 5ms
234 timing idealTree:node_modules/@types/triple-beam Completed in 0ms
235 timing idealTree:node_modules/fecha Completed in 0ms
236 timing idealTree:node_modules/ms Completed in 0ms
237 silly placeDep ROOT fn.name@1.1.0 OK for: one-time@1.0.0 want: 1.x.x
238 timing idealTree:node_modules/one-time Completed in 5ms
239 timing idealTree:node_modules/fn.name Completed in 0ms
240 silly placeDep ROOT inherits@2.0.4 OK for: readable-stream@3.6.2 want: ^2.0.3
241 silly placeDep ROOT string_decoder@1.3.0 OK for: readable-stream@3.6.2 want: ^1.1.1
242 silly placeDep ROOT util-deprecate@1.0.2 OK for: readable-stream@3.6.2 want: ^1.0.1
243 silly fetch manifest safe-buffer@~5.2.0
244 timing idealTree:node_modules/readable-stream Completed in 7ms
245 timing idealTree:node_modules/inherits Completed in 0ms
246 timing idealTree:node_modules/safe-stable-stringify Completed in 0ms
247 silly placeDep ROOT is-arrayish@0.3.2 OK for: simple-swizzle@0.2.2 want: ^0.3.1
248 timing idealTree:node_modules/simple-swizzle Completed in 2ms
249 timing idealTree:node_modules/is-arrayish Completed in 0ms
250 timing idealTree:node_modules/stack-trace Completed in 0ms
251 silly placeDep ROOT safe-buffer@5.2.1 OK for: string_decoder@1.3.0 want: ~5.2.0
252 timing idealTree:node_modules/string_decoder Completed in 4ms
253 timing idealTree:node_modules/safe-buffer Completed in 0ms
254 timing idealTree:node_modules/text-hex Completed in 0ms
255 timing idealTree:node_modules/triple-beam Completed in 0ms
256 timing idealTree:node_modules/util-deprecate Completed in 0ms
257 timing idealTree:node_modules/winston-transport Completed in 0ms
258 silly placeDep ROOT async-limiter@1.0.1 OK for: ws@6.2.2 want: ~1.0.0
259 timing idealTree:node_modules/ws Completed in 2ms
260 timing idealTree:node_modules/async-limiter Completed in 0ms
261 silly placeDep node_modules/universal-websocket-client safe-buffer@5.1.2 OK for: ws@3.3.3 want: ~5.1.0
262 silly placeDep ROOT ultron@1.1.1 OK for: ws@3.3.3 want: ~1.1.0
263 timing idealTree:node_modules/universal-websocket-client/node_modules/ws Completed in 4ms
264 timing idealTree:node_modules/ultron Completed in 0ms
265 timing idealTree:node_modules/universal-websocket-client/node_modules/safe-buffer Completed in 0ms
266 timing idealTree:buildDeps Completed in 5831ms
267 timing idealTree:fixDepFlags Completed in 2ms
268 timing idealTree Completed in 5863ms
269 timing reify:loadTrees Completed in 5864ms
270 timing reify:diffTrees Completed in 5ms
271 silly reify moves {}
272 timing reify:retireShallow Completed in 1ms
273 timing reify:createSparse Completed in 13ms
274 timing reify:trashOmits Completed in 0ms
275 timing reify:loadBundles Completed in 0ms
276 silly tarball no local data for ultron@https://registry.npmjs.org/ultron/-/ultron-1.1.1.tgz. Extracting by manifest.
277 silly tarball no local data for async-limiter@https://registry.npmjs.org/async-limiter/-/async-limiter-1.0.1.tgz. Extracting by manifest.
278 silly tarball no local data for safe-buffer@https://registry.npmjs.org/safe-buffer/-/safe-buffer-5.2.1.tgz. Extracting by manifest.
279 silly tarball no local data for is-arrayish@https://registry.npmjs.org/is-arrayish/-/is-arrayish-0.3.2.tgz. Extracting by manifest.
280 silly tarball no local data for util-deprecate@https://registry.npmjs.org/util-deprecate/-/util-deprecate-1.0.2.tgz. Extracting by manifest.
281 silly tarball no local data for string_decoder@https://registry.npmjs.org/string_decoder/-/string_decoder-1.3.0.tgz. Extracting by manifest.
282 silly tarball no local data for inherits@https://registry.npmjs.org/inherits/-/inherits-2.0.4.tgz. Extracting by manifest.
283 silly tarball no local data for fn.name@https://registry.npmjs.org/fn.name/-/fn.name-1.1.0.tgz. Extracting by manifest.
284 silly tarball no local data for ms@https://registry.npmjs.org/ms/-/ms-2.1.3.tgz. Extracting by manifest.
285 silly tarball no local data for fecha@https://registry.npmjs.org/fecha/-/fecha-4.2.3.tgz. Extracting by manifest.
286 silly tarball no local data for simple-swizzle@https://registry.npmjs.org/simple-swizzle/-/simple-swizzle-0.2.2.tgz. Extracting by manifest.
287 silly tarball no local data for @types/triple-beam@https://registry.npmjs.org/@types/triple-beam/-/triple-beam-1.3.5.tgz. Extracting by manifest.
288 silly tarball no local data for color-name@https://registry.npmjs.org/color-name/-/color-name-1.1.3.tgz. Extracting by manifest.
289 silly tarball no local data for color-string@https://registry.npmjs.org/color-string/-/color-string-1.9.1.tgz. Extracting by manifest.
290 silly tarball no local data for color-convert@https://registry.npmjs.org/color-convert/-/color-convert-1.9.3.tgz. Extracting by manifest.
291 silly tarball no local data for text-hex@https://registry.npmjs.org/text-hex/-/text-hex-1.0.0.tgz. Extracting by manifest.
292 silly tarball no local data for color@https://registry.npmjs.org/color/-/color-3.2.1.tgz. Extracting by manifest.
293 silly tarball no local data for kuler@https://registry.npmjs.org/kuler/-/kuler-2.0.0.tgz. Extracting by manifest.
294 silly tarball no local data for enabled@https://registry.npmjs.org/enabled/-/enabled-2.0.0.tgz. Extracting by manifest.
295 silly tarball no local data for colorspace@https://registry.npmjs.org/colorspace/-/colorspace-1.1.4.tgz. Extracting by manifest.
296 silly tarball no local data for stack-trace@https://registry.npmjs.org/stack-trace/-/stack-trace-0.0.10.tgz. Extracting by manifest.
297 silly tarball no local data for winston-transport@https://registry.npmjs.org/winston-transport/-/winston-transport-4.7.0.tgz. Extracting by manifest.
298 silly tarball no local data for triple-beam@https://registry.npmjs.org/triple-beam/-/triple-beam-1.4.1.tgz. Extracting by manifest.
299 silly tarball no local data for safe-stable-stringify@https://registry.npmjs.org/safe-stable-stringify/-/safe-stable-stringify-2.4.3.tgz. Extracting by manifest.
300 silly tarball no local data for one-time@https://registry.npmjs.org/one-time/-/one-time-1.0.0.tgz. Extracting by manifest.
301 silly tarball no local data for readable-stream@https://registry.npmjs.org/readable-stream/-/readable-stream-3.6.2.tgz. Extracting by manifest.
302 silly tarball no local data for logform@https://registry.npmjs.org/logform/-/logform-2.6.0.tgz. Extracting by manifest.
303 silly tarball no local data for is-stream@https://registry.npmjs.org/is-stream/-/is-stream-2.0.1.tgz. Extracting by manifest.
304 silly tarball no local data for async@https://registry.npmjs.org/async/-/async-3.2.5.tgz. Extracting by manifest.
305 silly tarball no local data for @dabh/diagnostics@https://registry.npmjs.org/@dabh/diagnostics/-/diagnostics-2.0.3.tgz. Extracting by manifest.
306 silly tarball no local data for @colors/colors@https://registry.npmjs.org/@colors/colors/-/colors-1.6.0.tgz. Extracting by manifest.
307 silly tarball no local data for gopd@https://registry.npmjs.org/gopd/-/gopd-1.0.1.tgz. Extracting by manifest.
308 silly tarball no local data for has-property-descriptors@https://registry.npmjs.org/has-property-descriptors/-/has-property-descriptors-1.0.2.tgz. Extracting by manifest.
309 silly tarball no local data for define-data-property@https://registry.npmjs.org/define-data-property/-/define-data-property-1.1.4.tgz. Extracting by manifest.
310 silly tarball no local data for has-symbols@https://registry.npmjs.org/has-symbols/-/has-symbols-1.0.3.tgz. Extracting by manifest.
311 silly tarball no local data for hasown@https://registry.npmjs.org/hasown/-/hasown-2.0.1.tgz. Extracting by manifest.
312 silly tarball no local data for has-proto@https://registry.npmjs.org/has-proto/-/has-proto-1.0.3.tgz. Extracting by manifest.
313 silly tarball no local data for set-function-length@https://registry.npmjs.org/set-function-length/-/set-function-length-1.2.1.tgz. Extracting by manifest.
314 silly tarball no local data for function-bind@https://registry.npmjs.org/function-bind/-/function-bind-1.1.2.tgz. Extracting by manifest.
315 silly tarball no local data for es-define-property@https://registry.npmjs.org/es-define-property/-/es-define-property-1.0.0.tgz. Extracting by manifest.
316 silly tarball no local data for get-intrinsic@https://registry.npmjs.org/get-intrinsic/-/get-intrinsic-1.2.4.tgz. Extracting by manifest.
317 silly tarball no local data for object-inspect@https://registry.npmjs.org/object-inspect/-/object-inspect-1.13.1.tgz. Extracting by manifest.
318 silly tarball no local data for es-errors@https://registry.npmjs.org/es-errors/-/es-errors-1.3.0.tgz. Extracting by manifest.
319 silly tarball no local data for call-bind@https://registry.npmjs.org/call-bind/-/call-bind-1.0.7.tgz. Extracting by manifest.
320 silly tarball no local data for underscore@https://registry.npmjs.org/underscore/-/underscore-1.13.6.tgz. Extracting by manifest.
321 silly tarball no local data for side-channel@https://registry.npmjs.org/side-channel/-/side-channel-1.0.5.tgz. Extracting by manifest.
322 silly tarball no local data for tunnel@https://registry.npmjs.org/tunnel/-/tunnel-0.0.6.tgz. Extracting by manifest.
323 silly tarball no local data for qs@https://registry.npmjs.org/qs/-/qs-6.11.2.tgz. Extracting by manifest.
324 silly tarball no local data for ws@https://registry.npmjs.org/ws/-/ws-6.2.2.tgz. Extracting by manifest.
325 silly tarball no local data for winston@https://registry.npmjs.org/winston/-/winston-3.11.0.tgz. Extracting by manifest.
326 silly tarball no local data for universal-websocket-client@https://registry.npmjs.org/universal-websocket-client/-/universal-websocket-client-1.0.2.tgz. Extracting by manifest.
327 silly tarball no local data for typed-rest-client@https://registry.npmjs.org/typed-rest-client/-/typed-rest-client-1.8.11.tgz. Extracting by manifest.
328 silly tarball no local data for webhookrelay-ws-client@https://registry.npmjs.org/webhookrelay-ws-client/-/webhookrelay-ws-client-0.7.1.tgz. Extracting by manifest.
329 silly tarball no local data for node-red-contrib-webhookrelay@https://registry.npmjs.org/node-red-contrib-webhookrelay/-/node-red-contrib-webhookrelay-0.3.0.tgz. Extracting by manifest.
330 silly tarball no local data for safe-buffer@https://registry.npmjs.org/safe-buffer/-/safe-buffer-5.1.2.tgz. Extracting by manifest.
331 silly tarball no local data for ws@https://registry.npmjs.org/ws/-/ws-3.3.3.tgz. Extracting by manifest.
332 http fetch GET 200 https://registry.npmjs.org/async-limiter/-/async-limiter-1.0.1.tgz 481ms (cache miss)
333 timing reifyNode:node_modules/async-limiter Completed in 525ms
334 http fetch GET 200 https://registry.npmjs.org/util-deprecate/-/util-deprecate-1.0.2.tgz 479ms (cache miss)
335 timing reifyNode:node_modules/util-deprecate Completed in 526ms
336 http fetch GET 200 https://registry.npmjs.org/color-convert/-/color-convert-1.9.3.tgz 490ms (cache miss)
337 timing reifyNode:node_modules/color-convert Completed in 549ms
338 http fetch GET 200 https://registry.npmjs.org/color-name/-/color-name-1.1.3.tgz 493ms (cache miss)
339 timing reifyNode:node_modules/color-name Completed in 550ms
340 http fetch GET 200 https://registry.npmjs.org/safe-buffer/-/safe-buffer-5.2.1.tgz 514ms (cache miss)
341 timing reifyNode:node_modules/safe-buffer Completed in 558ms
342 http fetch GET 200 https://registry.npmjs.org/fn.name/-/fn.name-1.1.0.tgz 507ms (cache miss)
343 timing reifyNode:node_modules/fn.name Completed in 558ms
344 http fetch GET 200 https://registry.npmjs.org/color-string/-/color-string-1.9.1.tgz 506ms (cache miss)
345 timing reifyNode:node_modules/color-string Completed in 565ms
346 http fetch GET 200 https://registry.npmjs.org/ultron/-/ultron-1.1.1.tgz 525ms (cache miss)
347 timing reifyNode:node_modules/ultron Completed in 566ms
348 http fetch GET 200 https://registry.npmjs.org/one-time/-/one-time-1.0.0.tgz 484ms (cache miss)
349 timing reifyNode:node_modules/one-time Completed in 565ms
350 http fetch GET 200 https://registry.npmjs.org/simple-swizzle/-/simple-swizzle-0.2.2.tgz 520ms (cache miss)
351 timing reifyNode:node_modules/simple-swizzle Completed in 574ms
352 http fetch GET 200 https://registry.npmjs.org/inherits/-/inherits-2.0.4.tgz 525ms (cache miss)
353 timing reifyNode:node_modules/inherits Completed in 575ms
354 http fetch GET 200 https://registry.npmjs.org/@types/triple-beam/-/triple-beam-1.3.5.tgz 520ms (cache miss)
355 timing reifyNode:node_modules/@types/triple-beam Completed in 575ms
356 http fetch GET 200 https://registry.npmjs.org/ms/-/ms-2.1.3.tgz 524ms (cache miss)
357 timing reifyNode:node_modules/ms Completed in 575ms
358 http fetch GET 200 https://registry.npmjs.org/color/-/color-3.2.1.tgz 514ms (cache miss)
359 timing reifyNode:node_modules/color Completed in 575ms
360 http fetch GET 200 https://registry.npmjs.org/text-hex/-/text-hex-1.0.0.tgz 516ms (cache miss)
361 timing reifyNode:node_modules/text-hex Completed in 576ms
362 http fetch GET 200 https://registry.npmjs.org/kuler/-/kuler-2.0.0.tgz 520ms (cache miss)
363 timing reifyNode:node_modules/kuler Completed in 583ms
364 http fetch GET 200 https://registry.npmjs.org/string_decoder/-/string_decoder-1.3.0.tgz 541ms (cache miss)
365 timing reifyNode:node_modules/string_decoder Completed in 589ms
366 http fetch GET 200 https://registry.npmjs.org/enabled/-/enabled-2.0.0.tgz 524ms (cache miss)
367 timing reifyNode:node_modules/enabled Completed in 587ms
368 http fetch GET 200 https://registry.npmjs.org/triple-beam/-/triple-beam-1.4.1.tgz 509ms (cache miss)
369 timing reifyNode:node_modules/triple-beam Completed in 588ms
370 http fetch GET 200 https://registry.npmjs.org/safe-stable-stringify/-/safe-stable-stringify-2.4.3.tgz 508ms (cache miss)
371 timing reifyNode:node_modules/safe-stable-stringify Completed in 588ms
372 http fetch GET 200 https://registry.npmjs.org/stack-trace/-/stack-trace-0.0.10.tgz 524ms (cache miss)
373 timing reifyNode:node_modules/stack-trace Completed in 600ms
374 http fetch GET 200 https://registry.npmjs.org/has-property-descriptors/-/has-property-descriptors-1.0.2.tgz 511ms (cache miss)
375 timing reifyNode:node_modules/has-property-descriptors Completed in 602ms
376 http fetch GET 200 https://registry.npmjs.org/is-stream/-/is-stream-2.0.1.tgz 526ms (cache miss)
377 timing reifyNode:node_modules/is-stream Completed in 611ms
378 http fetch GET 200 https://registry.npmjs.org/gopd/-/gopd-1.0.1.tgz 523ms (cache miss)
379 timing reifyNode:node_modules/gopd Completed in 612ms
380 http fetch GET 200 https://registry.npmjs.org/colorspace/-/colorspace-1.1.4.tgz 551ms (cache miss)
381 timing reifyNode:node_modules/colorspace Completed in 615ms
382 http fetch GET 200 https://registry.npmjs.org/define-data-property/-/define-data-property-1.1.4.tgz 532ms (cache miss)
383 timing reifyNode:node_modules/define-data-property Completed in 625ms
384 http fetch GET 200 https://registry.npmjs.org/has-symbols/-/has-symbols-1.0.3.tgz 532ms (cache miss)
385 timing reifyNode:node_modules/has-symbols Completed in 628ms
386 http fetch GET 200 https://registry.npmjs.org/has-proto/-/has-proto-1.0.3.tgz 522ms (cache miss)
387 timing reifyNode:node_modules/has-proto Completed in 629ms
388 http fetch GET 200 https://registry.npmjs.org/is-arrayish/-/is-arrayish-0.3.2.tgz 590ms (cache miss)
389 timing reifyNode:node_modules/is-arrayish Completed in 636ms
390 http fetch GET 200 https://registry.npmjs.org/es-define-property/-/es-define-property-1.0.0.tgz 525ms (cache miss)
391 timing reifyNode:node_modules/es-define-property Completed in 636ms
392 http fetch GET 200 https://registry.npmjs.org/universal-websocket-client/-/universal-websocket-client-1.0.2.tgz 515ms (cache miss)
393 http fetch GET 200 https://registry.npmjs.org/hasown/-/hasown-2.0.1.tgz 536ms (cache miss)
394 timing reifyNode:node_modules/hasown Completed in 641ms
395 http fetch GET 200 https://registry.npmjs.org/fecha/-/fecha-4.2.3.tgz 593ms (cache miss)
396 timing reifyNode:node_modules/fecha Completed in 646ms
397 http fetch GET 200 https://registry.npmjs.org/call-bind/-/call-bind-1.0.7.tgz 531ms (cache miss)
398 timing reifyNode:node_modules/call-bind Completed in 645ms
399 http fetch GET 200 https://registry.npmjs.org/get-intrinsic/-/get-intrinsic-1.2.4.tgz 535ms (cache miss)
400 timing reifyNode:node_modules/get-intrinsic Completed in 647ms
401 http fetch GET 200 https://registry.npmjs.org/side-channel/-/side-channel-1.0.5.tgz 532ms (cache miss)
402 timing reifyNode:node_modules/side-channel Completed in 650ms
403 http fetch GET 200 https://registry.npmjs.org/safe-buffer/-/safe-buffer-5.1.2.tgz 510ms (cache miss)
404 timing reifyNode:node_modules/universal-websocket-client/node_modules/safe-buffer Completed in 650ms
405 http fetch GET 200 https://registry.npmjs.org/set-function-length/-/set-function-length-1.2.1.tgz 547ms (cache miss)
406 timing reifyNode:node_modules/set-function-length Completed in 655ms
407 http fetch GET 200 https://registry.npmjs.org/es-errors/-/es-errors-1.3.0.tgz 552ms (cache miss)
408 http fetch GET 200 https://registry.npmjs.org/function-bind/-/function-bind-1.1.2.tgz 564ms (cache miss)
409 timing reifyNode:node_modules/function-bind Completed in 673ms
410 timing reifyNode:node_modules/es-errors Completed in 673ms
411 timing reifyNode:node_modules/universal-websocket-client Completed in 673ms
412 http fetch GET 200 https://registry.npmjs.org/@colors/colors/-/colors-1.6.0.tgz 589ms (cache miss)
413 http fetch GET 200 https://registry.npmjs.org/winston-transport/-/winston-transport-4.7.0.tgz 603ms (cache miss)
414 timing reifyNode:node_modules/winston-transport Completed in 680ms
415 timing reifyNode:node_modules/@colors/colors Completed in 681ms
416 http fetch GET 200 https://registry.npmjs.org/tunnel/-/tunnel-0.0.6.tgz 574ms (cache miss)
417 timing reifyNode:node_modules/tunnel Completed in 692ms
418 http fetch GET 200 https://registry.npmjs.org/@dabh/diagnostics/-/diagnostics-2.0.3.tgz 611ms (cache miss)
419 timing reifyNode:node_modules/@dabh/diagnostics Completed in 698ms
420 http fetch GET 200 https://registry.npmjs.org/readable-stream/-/readable-stream-3.6.2.tgz 633ms (cache miss)
421 timing reifyNode:node_modules/readable-stream Completed in 715ms
422 http fetch GET 200 https://registry.npmjs.org/ws/-/ws-3.3.3.tgz 573ms (cache miss)
423 timing reifyNode:node_modules/universal-websocket-client/node_modules/ws Completed in 716ms
424 http fetch GET 200 https://registry.npmjs.org/ws/-/ws-6.2.2.tgz 598ms (cache miss)
425 timing reifyNode:node_modules/ws Completed in 718ms
426 http fetch GET 200 https://registry.npmjs.org/object-inspect/-/object-inspect-1.13.1.tgz 609ms (cache miss)
427 timing reifyNode:node_modules/object-inspect Completed in 722ms
428 http fetch GET 200 https://registry.npmjs.org/qs/-/qs-6.11.2.tgz 606ms (cache miss)
429 timing reifyNode:node_modules/qs Completed in 725ms
430 http fetch GET 200 https://registry.npmjs.org/typed-rest-client/-/typed-rest-client-1.8.11.tgz 603ms (cache miss)
431 timing reifyNode:node_modules/typed-rest-client Completed in 727ms
432 http fetch GET 200 https://registry.npmjs.org/logform/-/logform-2.6.0.tgz 658ms (cache miss)
433 timing reifyNode:node_modules/logform Completed in 741ms
434 http fetch GET 200 https://registry.npmjs.org/winston/-/winston-3.11.0.tgz 629ms (cache miss)
435 timing reifyNode:node_modules/winston Completed in 750ms
436 http fetch GET 200 https://registry.npmjs.org/webhookrelay-ws-client/-/webhookrelay-ws-client-0.7.1.tgz 654ms (cache miss)
437 timing reifyNode:node_modules/webhookrelay-ws-client Completed in 781ms
438 http fetch GET 200 https://registry.npmjs.org/async/-/async-3.2.5.tgz 735ms (cache miss)
439 timing reifyNode:node_modules/async Completed in 821ms
440 http fetch GET 200 https://registry.npmjs.org/underscore/-/underscore-1.13.6.tgz 778ms (cache miss)
441 timing reifyNode:node_modules/underscore Completed in 893ms
442 http fetch GET 200 https://registry.npmjs.org/node-red-contrib-webhookrelay/-/node-red-contrib-webhookrelay-0.3.0.tgz 985ms (cache miss)
443 timing reifyNode:node_modules/node-red-contrib-webhookrelay Completed in 1111ms
444 timing reify:unpack Completed in 1116ms
445 timing reify:unretire Completed in 0ms
446 timing build:queue Completed in 3ms
447 timing build:deps Completed in 3ms
448 timing build Completed in 3ms
449 timing reify:build Completed in 4ms
450 timing reify:trash Completed in 0ms
451 timing reify:save Completed in 17ms
452 timing reify Completed in 7039ms
453 silly ADD node_modules/ultron
454 silly ADD node_modules/async-limiter
455 silly ADD node_modules/safe-buffer
456 silly ADD node_modules/is-arrayish
457 silly ADD node_modules/util-deprecate
458 silly ADD node_modules/string_decoder
459 silly ADD node_modules/inherits
460 silly ADD node_modules/fn.name
461 silly ADD node_modules/ms
462 silly ADD node_modules/fecha
463 silly ADD node_modules/@types/triple-beam
464 silly ADD node_modules/simple-swizzle
465 silly ADD node_modules/color-name
466 silly ADD node_modules/color-string
467 silly ADD node_modules/color-convert
468 silly ADD node_modules/text-hex
469 silly ADD node_modules/color
470 silly ADD node_modules/kuler
471 silly ADD node_modules/enabled
472 silly ADD node_modules/colorspace
473 silly ADD node_modules/winston-transport
474 silly ADD node_modules/triple-beam
475 silly ADD node_modules/stack-trace
476 silly ADD node_modules/safe-stable-stringify
477 silly ADD node_modules/readable-stream
478 silly ADD node_modules/one-time
479 silly ADD node_modules/logform
480 silly ADD node_modules/is-stream
481 silly ADD node_modules/async
482 silly ADD node_modules/@dabh/diagnostics
483 silly ADD node_modules/@colors/colors
484 silly ADD node_modules/has-property-descriptors
485 silly ADD node_modules/gopd
486 silly ADD node_modules/define-data-property
487 silly ADD node_modules/hasown
488 silly ADD node_modules/has-symbols
489 silly ADD node_modules/has-proto
490 silly ADD node_modules/set-function-length
491 silly ADD node_modules/function-bind
492 silly ADD node_modules/es-define-property
493 silly ADD node_modules/object-inspect
494 silly ADD node_modules/get-intrinsic
495 silly ADD node_modules/es-errors
496 silly ADD node_modules/call-bind
497 silly ADD node_modules/side-channel
498 silly ADD node_modules/underscore
499 silly ADD node_modules/tunnel
500 silly ADD node_modules/qs
501 silly ADD node_modules/ws
502 silly ADD node_modules/winston
503 silly ADD node_modules/universal-websocket-client
504 silly ADD node_modules/universal-websocket-client/node_modules/safe-buffer
505 silly ADD node_modules/universal-websocket-client/node_modules/ws
506 silly ADD node_modules/typed-rest-client
507 silly ADD node_modules/webhookrelay-ws-client
508 silly ADD node_modules/node-red-contrib-webhookrelay
509 timing command:install Completed in 7045ms
510 verbose exit 0
511 timing npm Completed in 7167ms
512 info ok
